This is pdfTeX, Version 3.14159265-2.6-1.40.20 (TeX Live 2019/W32TeX) (preloaded format=pdflatex 2020.2.13)  20 JUL 2020 10:54
entering extended mode
 restricted \write18 enabled.
 file:line:error style messages enabled.
 %&-line parsing enabled.
**c:/Users/607/Desktop/Research/DPCFP/conference_paper/conference_101719.tex
(c:/Users/607/Desktop/Research/DPCFP/conference_paper/conference_101719.tex
LaTeX2e <2020-02-02> patch level 1
L3 programming layer <2020-02-11> (d:/texlive/2019/texmf-dist/tex/latex/IEEEtran/IEEEtran.cls
Document Class: IEEEtran 2015/08/26 V1.8b by Michael Shell
-- See the "IEEEtran_HOWTO" manual for usage information.
-- http://www.michaelshell.org/tex/ieeetran/
\@IEEEtrantmpdimenA=\dimen134
\@IEEEtrantmpdimenB=\dimen135
\@IEEEtrantmpdimenC=\dimen136
\@IEEEtrantmpcountA=\count167
\@IEEEtrantmpcountB=\count168
\@IEEEtrantmpcountC=\count169
\@IEEEtrantmptoksA=\toks14
LaTeX Font Info:    Trying to load font information for OT1+ptm on input line 503.
(d:/texlive/2019/texmf-dist/tex/latex/psnfss/ot1ptm.fd
File: ot1ptm.fd 2001/06/04 font definitions for OT1/ptm.
)
-- Using 8.5in x 11in (letter) paper.
-- Using PDF output.
\@IEEEnormalsizeunitybaselineskip=\dimen137
-- This is a 10 point document.
\CLASSINFOnormalsizebaselineskip=\dimen138
\CLASSINFOnormalsizeunitybaselineskip=\dimen139
\IEEEnormaljot=\dimen140
LaTeX Font Info:    Font shape `OT1/ptm/bx/n' in size <5> not available
(Font)              Font shape `OT1/ptm/b/n' tried instead on input line 1090.
LaTeX Font Info:    Font shape `OT1/ptm/bx/it' in size <5> not available
(Font)              Font shape `OT1/ptm/b/it' tried instead on input line 1090.
LaTeX Font Info:    Font shape `OT1/ptm/bx/n' in size <7> not available
(Font)              Font shape `OT1/ptm/b/n' tried instead on input line 1090.
LaTeX Font Info:    Font shape `OT1/ptm/bx/it' in size <7> not available
(Font)              Font shape `OT1/ptm/b/it' tried instead on input line 1090.
LaTeX Font Info:    Font shape `OT1/ptm/bx/n' in size <8> not available
(Font)              Font shape `OT1/ptm/b/n' tried instead on input line 1090.
LaTeX Font Info:    Font shape `OT1/ptm/bx/it' in size <8> not available
(Font)              Font shape `OT1/ptm/b/it' tried instead on input line 1090.
LaTeX Font Info:    Font shape `OT1/ptm/bx/n' in size <9> not available
(Font)              Font shape `OT1/ptm/b/n' tried instead on input line 1090.
LaTeX Font Info:    Font shape `OT1/ptm/bx/it' in size <9> not available
(Font)              Font shape `OT1/ptm/b/it' tried instead on input line 1090.
LaTeX Font Info:    Font shape `OT1/ptm/bx/n' in size <10> not available
(Font)              Font shape `OT1/ptm/b/n' tried instead on input line 1090.
LaTeX Font Info:    Font shape `OT1/ptm/bx/it' in size <10> not available
(Font)              Font shape `OT1/ptm/b/it' tried instead on input line 1090.
LaTeX Font Info:    Font shape `OT1/ptm/bx/n' in size <11> not available
(Font)              Font shape `OT1/ptm/b/n' tried instead on input line 1090.
LaTeX Font Info:    Font shape `OT1/ptm/bx/it' in size <11> not available
(Font)              Font shape `OT1/ptm/b/it' tried instead on input line 1090.
LaTeX Font Info:    Font shape `OT1/ptm/bx/n' in size <12> not available
(Font)              Font shape `OT1/ptm/b/n' tried instead on input line 1090.
LaTeX Font Info:    Font shape `OT1/ptm/bx/it' in size <12> not available
(Font)              Font shape `OT1/ptm/b/it' tried instead on input line 1090.
LaTeX Font Info:    Font shape `OT1/ptm/bx/n' in size <17> not available
(Font)              Font shape `OT1/ptm/b/n' tried instead on input line 1090.
LaTeX Font Info:    Font shape `OT1/ptm/bx/it' in size <17> not available
(Font)              Font shape `OT1/ptm/b/it' tried instead on input line 1090.
LaTeX Font Info:    Font shape `OT1/ptm/bx/n' in size <20> not available
(Font)              Font shape `OT1/ptm/b/n' tried instead on input line 1090.
LaTeX Font Info:    Font shape `OT1/ptm/bx/it' in size <20> not available
(Font)              Font shape `OT1/ptm/b/it' tried instead on input line 1090.
LaTeX Font Info:    Font shape `OT1/ptm/bx/n' in size <24> not available
(Font)              Font shape `OT1/ptm/b/n' tried instead on input line 1090.
LaTeX Font Info:    Font shape `OT1/ptm/bx/it' in size <24> not available
(Font)              Font shape `OT1/ptm/b/it' tried instead on input line 1090.
\IEEEquantizedlength=\dimen141
\IEEEquantizedlengthdiff=\dimen142
\IEEEquantizedtextheightdiff=\dimen143
\IEEEilabelindentA=\dimen144
\IEEEilabelindentB=\dimen145
\IEEEilabelindent=\dimen146
\IEEEelabelindent=\dimen147
\IEEEdlabelindent=\dimen148
\IEEElabelindent=\dimen149
\IEEEiednormlabelsep=\dimen150
\IEEEiedmathlabelsep=\dimen151
\IEEEiedtopsep=\skip47
\c@section=\count170
\c@subsection=\count171
\c@subsubsection=\count172
\c@paragraph=\count173
\c@IEEEsubequation=\count174
\abovecaptionskip=\skip48
\belowcaptionskip=\skip49
\c@figure=\count175
\c@table=\count176
\@IEEEeqnnumcols=\count177
\@IEEEeqncolcnt=\count178
\@IEEEsubeqnnumrollback=\count179
\@IEEEquantizeheightA=\dimen152
\@IEEEquantizeheightB=\dimen153
\@IEEEquantizeheightC=\dimen154
\@IEEEquantizeprevdepth=\dimen155
\@IEEEquantizemultiple=\count180
\@IEEEquantizeboxA=\box45
\@IEEEtmpitemindent=\dimen156
\IEEEPARstartletwidth=\dimen157
\c@IEEEbiography=\count181
\@IEEEtranrubishbin=\box46
)
** ATTENTION: Overriding command lockouts (line 2).
(d:/texlive/2019/texmf-dist/tex/latex/cite/cite.sty
LaTeX Info: Redefining \cite on input line 302.
LaTeX Info: Redefining \nocite on input line 332.
Package: cite 2015/02/27  v 5.5
) (d:/texlive/2019/texmf-dist/tex/latex/amsmath/amsmath.sty
Package: amsmath 2020/01/20 v2.17e AMS math features
\@mathmargin=\skip50

For additional information on amsmath, use the `?' option.
(d:/texlive/2019/texmf-dist/tex/latex/amsmath/amstext.sty
Package: amstext 2000/06/29 v2.01 AMS text
 (d:/texlive/2019/texmf-dist/tex/latex/amsmath/amsgen.sty
File: amsgen.sty 1999/11/30 v2.0 generic functions
\@emptytoks=\toks15
\ex@=\dimen158
)) (d:/texlive/2019/texmf-dist/tex/latex/amsmath/amsbsy.sty
Package: amsbsy 1999/11/29 v1.2d Bold Symbols
\pmbraise@=\dimen159
) (d:/texlive/2019/texmf-dist/tex/latex/amsmath/amsopn.sty
Package: amsopn 2016/03/08 v2.02 operator names
)
\inf@bad=\count182
LaTeX Info: Redefining \frac on input line 227.
\uproot@=\count183
\leftroot@=\count184
LaTeX Info: Redefining \overline on input line 389.
\classnum@=\count185
\DOTSCASE@=\count186
LaTeX Info: Redefining \ldots on input line 486.
LaTeX Info: Redefining \dots on input line 489.
LaTeX Info: Redefining \cdots on input line 610.
\Mathstrutbox@=\box47
\strutbox@=\box48
\big@size=\dimen160
LaTeX Font Info:    Redeclaring font encoding OML on input line 733.
LaTeX Font Info:    Redeclaring font encoding OMS on input line 734.
\macc@depth=\count187
\c@MaxMatrixCols=\count188
\dotsspace@=\muskip16
\c@parentequation=\count189
\dspbrk@lvl=\count190
\tag@help=\toks16
\row@=\count191
\column@=\count192
\maxfields@=\count193
\andhelp@=\toks17
\eqnshift@=\dimen161
\alignsep@=\dimen162
\tagshift@=\dimen163
\tagwidth@=\dimen164
\totwidth@=\dimen165
\lineht@=\dimen166
\@envbody=\toks18
\multlinegap=\skip51
\multlinetaggap=\skip52
\mathdisplay@stack=\toks19
LaTeX Info: Redefining \[ on input line 2859.
LaTeX Info: Redefining \] on input line 2860.
) (d:/texlive/2019/texmf-dist/tex/latex/amsfonts/amssymb.sty
Package: amssymb 2013/01/14 v3.01 AMS font symbols
 (d:/texlive/2019/texmf-dist/tex/latex/amsfonts/amsfonts.sty
Package: amsfonts 2013/01/14 v3.01 Basic AMSFonts support
\symAMSa=\mathgroup4
\symAMSb=\mathgroup5
LaTeX Font Info:    Redeclaring math symbol \hbar on input line 98.
LaTeX Font Info:    Overwriting math alphabet `\mathfrak' in version `bold'
(Font)                  U/euf/m/n --> U/euf/b/n on input line 106.
)) (d:/texlive/2019/texmf-dist/tex/latex/amscls/amsthm.sty
Package: amsthm 2017/10/31 v2.20.4
\thm@style=\toks20
\thm@bodyfont=\toks21
\thm@headfont=\toks22
\thm@notefont=\toks23
\thm@headpunct=\toks24
\thm@preskip=\skip53
\thm@postskip=\skip54
\thm@headsep=\skip55
\dth@everypar=\toks25
) (d:/texlive/2019/texmf-dist/tex/latex/graphics/graphicx.sty
Package: graphicx 2019/11/30 v1.2a Enhanced LaTeX Graphics (DPC,SPQR)
 (d:/texlive/2019/texmf-dist/tex/latex/graphics/keyval.sty
Package: keyval 2014/10/28 v1.15 key=value parser (DPC)
\KV@toks@=\toks26
) (d:/texlive/2019/texmf-dist/tex/latex/graphics/graphics.sty
Package: graphics 2019/11/30 v1.4a Standard LaTeX Graphics (DPC,SPQR)
 (d:/texlive/2019/texmf-dist/tex/latex/graphics/trig.sty
Package: trig 2016/01/03 v1.10 sin cos tan (DPC)
) (d:/texlive/2019/texmf-dist/tex/latex/graphics-cfg/graphics.cfg
File: graphics.cfg 2016/06/04 v1.11 sample graphics configuration
)
Package graphics Info: Driver file: pdftex.def on input line 105.
 (d:/texlive/2019/texmf-dist/tex/latex/graphics-def/pdftex.def
File: pdftex.def 2018/01/08 v1.0l Graphics/color driver for pdftex
))
\Gin@req@height=\dimen167
\Gin@req@width=\dimen168
) (d:/texlive/2019/texmf-dist/tex/latex/base/textcomp.sty
Package: textcomp 2020/02/02 v2.0n Standard LaTeX package
) (d:/texlive/2019/texmf-dist/tex/latex/xcolor/xcolor.sty
Package: xcolor 2016/05/11 v2.12 LaTeX color extensions (UK)
 (d:/texlive/2019/texmf-dist/tex/latex/graphics-cfg/color.cfg
File: color.cfg 2016/01/02 v1.6 sample color configuration
)
Package xcolor Info: Driver file: pdftex.def on input line 225.
Package xcolor Info: Model `cmy' substituted by `cmy0' on input line 1348.
Package xcolor Info: Model `hsb' substituted by `rgb' on input line 1352.
Package xcolor Info: Model `RGB' extended on input line 1364.
Package xcolor Info: Model `HTML' substituted by `rgb' on input line 1366.
Package xcolor Info: Model `Hsb' substituted by `hsb' on input line 1367.
Package xcolor Info: Model `tHsb' substituted by `hsb' on input line 1368.
Package xcolor Info: Model `HSB' substituted by `hsb' on input line 1369.
Package xcolor Info: Model `Gray' substituted by `gray' on input line 1370.
Package xcolor Info: Model `wave' substituted by `hsb' on input line 1371.
) (d:/texlive/2019/texmf-dist/tex/latex/algorithmicx/algpseudocode.sty
Package: algpseudocode 
 (d:/texlive/2019/texmf-dist/tex/latex/base/ifthen.sty
Package: ifthen 2014/09/29 v1.1c Standard LaTeX ifthen package (DPC)
) (d:/texlive/2019/texmf-dist/tex/latex/algorithmicx/algorithmicx.sty
Package: algorithmicx 2005/04/27 v1.2 Algorithmicx

Document Style algorithmicx 1.2 - a greatly improved `algorithmic' style
\c@ALG@line=\count194
\c@ALG@rem=\count195
\c@ALG@nested=\count196
\ALG@tlm=\skip56
\ALG@thistlm=\skip57
\c@ALG@Lnr=\count197
\c@ALG@blocknr=\count198
\c@ALG@storecount=\count199
\c@ALG@tmpcounter=\count266
\ALG@tmplength=\skip58
)
Document Style - pseudocode environments for use with the `algorithmicx' style
) (d:/texlive/2019/texmf-dist/tex/latex/algorithms/algorithm.sty
Package: algorithm 2009/08/24 v0.1 Document Style `algorithm' - floating environment
 (d:/texlive/2019/texmf-dist/tex/latex/float/float.sty
Package: float 2001/11/08 v1.3d Float enhancements (AL)
\c@float@type=\count267
\float@exts=\toks27
\float@box=\box49
\@float@everytoks=\toks28
\@floatcapt=\box50
)
\@float@every@algorithm=\toks29
\c@algorithm=\count268
) (d:/texlive/2019/texmf-dist/tex/latex/forest/forest.sty
Package: forest 2017/07/14 v2.1.5 Drawing (linguistic) trees
 (d:/texlive/2019/texmf-dist/tex/latex/pgf/frontendlayer/tikz.sty (d:/texlive/2019/texmf-dist/tex/latex/pgf/basiclayer/pgf.sty (d:/texlive/2019/texmf-dist/tex/latex/pgf/utilities/pgfrcs.sty (d:/texlive/2019/texmf-dist/tex/generic/pgf/utilities/pgfutil-common.tex
\pgfutil@everybye=\toks30
\pgfutil@tempdima=\dimen169
\pgfutil@tempdimb=\dimen170
 (d:/texlive/2019/texmf-dist/tex/generic/pgf/utilities/pgfutil-common-lists.tex)) (d:/texlive/2019/texmf-dist/tex/generic/pgf/utilities/pgfutil-latex.def
\pgfutil@abb=\box51
 (d:/texlive/2019/texmf-dist/tex/latex/ms/everyshi.sty
Package: everyshi 2001/05/15 v3.00 EveryShipout Package (MS)
)) (d:/texlive/2019/texmf-dist/tex/generic/pgf/utilities/pgfrcs.code.tex (d:/texlive/2019/texmf-dist/tex/generic/pgf/pgf.revision.tex)
Package: pgfrcs 2020/01/08 v3.1.5b (3.1.5b)
))
Package: pgf 2020/01/08 v3.1.5b (3.1.5b)
 (d:/texlive/2019/texmf-dist/tex/latex/pgf/basiclayer/pgfcore.sty (d:/texlive/2019/texmf-dist/tex/latex/pgf/systemlayer/pgfsys.sty (d:/texlive/2019/texmf-dist/tex/generic/pgf/systemlayer/pgfsys.code.tex
Package: pgfsys 2020/01/08 v3.1.5b (3.1.5b)
 (d:/texlive/2019/texmf-dist/tex/generic/pgf/utilities/pgfkeys.code.tex
\pgfkeys@pathtoks=\toks31
\pgfkeys@temptoks=\toks32
 (d:/texlive/2019/texmf-dist/tex/generic/pgf/utilities/pgfkeysfiltered.code.tex
\pgfkeys@tmptoks=\toks33
))
\pgf@x=\dimen171
\pgf@y=\dimen172
\pgf@xa=\dimen173
\pgf@ya=\dimen174
\pgf@xb=\dimen175
\pgf@yb=\dimen176
\pgf@xc=\dimen177
\pgf@yc=\dimen178
\pgf@xd=\dimen179
\pgf@yd=\dimen180
\w@pgf@writea=\write3
\r@pgf@reada=\read2
\c@pgf@counta=\count269
\c@pgf@countb=\count270
\c@pgf@countc=\count271
\c@pgf@countd=\count272
\t@pgf@toka=\toks34
\t@pgf@tokb=\toks35
\t@pgf@tokc=\toks36
\pgf@sys@id@count=\count273
 (d:/texlive/2019/texmf-dist/tex/generic/pgf/systemlayer/pgf.cfg
File: pgf.cfg 2020/01/08 v3.1.5b (3.1.5b)
)
Driver file for pgf: pgfsys-pdftex.def
 (d:/texlive/2019/texmf-dist/tex/generic/pgf/systemlayer/pgfsys-pdftex.def
File: pgfsys-pdftex.def 2020/01/08 v3.1.5b (3.1.5b)
 (d:/texlive/2019/texmf-dist/tex/generic/pgf/systemlayer/pgfsys-common-pdf.def
File: pgfsys-common-pdf.def 2020/01/08 v3.1.5b (3.1.5b)
))) (d:/texlive/2019/texmf-dist/tex/generic/pgf/systemlayer/pgfsyssoftpath.code.tex
File: pgfsyssoftpath.code.tex 2020/01/08 v3.1.5b (3.1.5b)
\pgfsyssoftpath@smallbuffer@items=\count274
\pgfsyssoftpath@bigbuffer@items=\count275
) (d:/texlive/2019/texmf-dist/tex/generic/pgf/systemlayer/pgfsysprotocol.code.tex
File: pgfsysprotocol.code.tex 2020/01/08 v3.1.5b (3.1.5b)
)) (d:/texlive/2019/texmf-dist/tex/generic/pgf/basiclayer/pgfcore.code.tex
Package: pgfcore 2020/01/08 v3.1.5b (3.1.5b)
 (d:/texlive/2019/texmf-dist/tex/generic/pgf/math/pgfmath.code.tex (d:/texlive/2019/texmf-dist/tex/generic/pgf/math/pgfmathcalc.code.tex (d:/texlive/2019/texmf-dist/tex/generic/pgf/math/pgfmathutil.code.tex) (d:/texlive/2019/texmf-dist/tex/generic/pgf/math/pgfmathparser.code.tex
\pgfmath@dimen=\dimen181
\pgfmath@count=\count276
\pgfmath@box=\box52
\pgfmath@toks=\toks37
\pgfmath@stack@operand=\toks38
\pgfmath@stack@operation=\toks39
) (d:/texlive/2019/texmf-dist/tex/generic/pgf/math/pgfmathfunctions.code.tex (d:/texlive/2019/texmf-dist/tex/generic/pgf/math/pgfmathfunctions.basic.code.tex) (d:/texlive/2019/texmf-dist/tex/generic/pgf/math/pgfmathfunctions.trigonometric.code.tex) (d:/texlive/2019/texmf-dist/tex/generic/pgf/math/pgfmathfunctions.random.code.tex) (d:/texlive/2019/texmf-dist/tex/generic/pgf/math/pgfmathfunctions.comparison.code.tex) (d:/texlive/2019/texmf-dist/tex/generic/pgf/math/pgfmathfunctions.base.code.tex) (d:/texlive/2019/texmf-dist/tex/generic/pgf/math/pgfmathfunctions.round.code.tex) (d:/texlive/2019/texmf-dist/tex/generic/pgf/math/pgfmathfunctions.misc.code.tex) (d:/texlive/2019/texmf-dist/tex/generic/pgf/math/pgfmathfunctions.integerarithmetics.code.tex))) (d:/texlive/2019/texmf-dist/tex/generic/pgf/math/pgfmathfloat.code.tex
\c@pgfmathroundto@lastzeros=\count277
)) (d:/texlive/2019/texmf-dist/tex/generic/pgf/math/pgfint.code.tex) (d:/texlive/2019/texmf-dist/tex/generic/pgf/basiclayer/pgfcorepoints.code.tex
File: pgfcorepoints.code.tex 2020/01/08 v3.1.5b (3.1.5b)
\pgf@picminx=\dimen182
\pgf@picmaxx=\dimen183
\pgf@picminy=\dimen184
\pgf@picmaxy=\dimen185
\pgf@pathminx=\dimen186
\pgf@pathmaxx=\dimen187
\pgf@pathminy=\dimen188
\pgf@pathmaxy=\dimen189
\pgf@xx=\dimen190
\pgf@xy=\dimen191
\pgf@yx=\dimen192
\pgf@yy=\dimen193
\pgf@zx=\dimen194
\pgf@zy=\dimen195
) (d:/texlive/2019/texmf-dist/tex/generic/pgf/basiclayer/pgfcorepathconstruct.code.tex
File: pgfcorepathconstruct.code.tex 2020/01/08 v3.1.5b (3.1.5b)
\pgf@path@lastx=\dimen196
\pgf@path@lasty=\dimen197
) (d:/texlive/2019/texmf-dist/tex/generic/pgf/basiclayer/pgfcorepathusage.code.tex
File: pgfcorepathusage.code.tex 2020/01/08 v3.1.5b (3.1.5b)
\pgf@shorten@end@additional=\dimen198
\pgf@shorten@start@additional=\dimen199
) (d:/texlive/2019/texmf-dist/tex/generic/pgf/basiclayer/pgfcorescopes.code.tex
File: pgfcorescopes.code.tex 2020/01/08 v3.1.5b (3.1.5b)
\pgfpic=\box53
\pgf@hbox=\box54
\pgf@layerbox@main=\box55
\pgf@picture@serial@count=\count278
) (d:/texlive/2019/texmf-dist/tex/generic/pgf/basiclayer/pgfcoregraphicstate.code.tex
File: pgfcoregraphicstate.code.tex 2020/01/08 v3.1.5b (3.1.5b)
\pgflinewidth=\dimen256
) (d:/texlive/2019/texmf-dist/tex/generic/pgf/basiclayer/pgfcoretransformations.code.tex
File: pgfcoretransformations.code.tex 2020/01/08 v3.1.5b (3.1.5b)
\pgf@pt@x=\dimen257
\pgf@pt@y=\dimen258
\pgf@pt@temp=\dimen259
) (d:/texlive/2019/texmf-dist/tex/generic/pgf/basiclayer/pgfcorequick.code.tex
File: pgfcorequick.code.tex 2020/01/08 v3.1.5b (3.1.5b)
) (d:/texlive/2019/texmf-dist/tex/generic/pgf/basiclayer/pgfcoreobjects.code.tex
File: pgfcoreobjects.code.tex 2020/01/08 v3.1.5b (3.1.5b)
) (d:/texlive/2019/texmf-dist/tex/generic/pgf/basiclayer/pgfcorepathprocessing.code.tex
File: pgfcorepathprocessing.code.tex 2020/01/08 v3.1.5b (3.1.5b)
) (d:/texlive/2019/texmf-dist/tex/generic/pgf/basiclayer/pgfcorearrows.code.tex
File: pgfcorearrows.code.tex 2020/01/08 v3.1.5b (3.1.5b)
\pgfarrowsep=\dimen260
) (d:/texlive/2019/texmf-dist/tex/generic/pgf/basiclayer/pgfcoreshade.code.tex
File: pgfcoreshade.code.tex 2020/01/08 v3.1.5b (3.1.5b)
\pgf@max=\dimen261
\pgf@sys@shading@range@num=\count279
\pgf@shadingcount=\count280
) (d:/texlive/2019/texmf-dist/tex/generic/pgf/basiclayer/pgfcoreimage.code.tex
File: pgfcoreimage.code.tex 2020/01/08 v3.1.5b (3.1.5b)
 (d:/texlive/2019/texmf-dist/tex/generic/pgf/basiclayer/pgfcoreexternal.code.tex
File: pgfcoreexternal.code.tex 2020/01/08 v3.1.5b (3.1.5b)
\pgfexternal@startupbox=\box56
)) (d:/texlive/2019/texmf-dist/tex/generic/pgf/basiclayer/pgfcorelayers.code.tex
File: pgfcorelayers.code.tex 2020/01/08 v3.1.5b (3.1.5b)
) (d:/texlive/2019/texmf-dist/tex/generic/pgf/basiclayer/pgfcoretransparency.code.tex
File: pgfcoretransparency.code.tex 2020/01/08 v3.1.5b (3.1.5b)
) (d:/texlive/2019/texmf-dist/tex/generic/pgf/basiclayer/pgfcorepatterns.code.tex
File: pgfcorepatterns.code.tex 2020/01/08 v3.1.5b (3.1.5b)
) (d:/texlive/2019/texmf-dist/tex/generic/pgf/basiclayer/pgfcorerdf.code.tex
File: pgfcorerdf.code.tex 2020/01/08 v3.1.5b (3.1.5b)
))) (d:/texlive/2019/texmf-dist/tex/generic/pgf/modules/pgfmoduleshapes.code.tex
File: pgfmoduleshapes.code.tex 2020/01/08 v3.1.5b (3.1.5b)
\pgfnodeparttextbox=\box57
) (d:/texlive/2019/texmf-dist/tex/generic/pgf/modules/pgfmoduleplot.code.tex
File: pgfmoduleplot.code.tex 2020/01/08 v3.1.5b (3.1.5b)
) (d:/texlive/2019/texmf-dist/tex/latex/pgf/compatibility/pgfcomp-version-0-65.sty
Package: pgfcomp-version-0-65 2020/01/08 v3.1.5b (3.1.5b)
\pgf@nodesepstart=\dimen262
\pgf@nodesepend=\dimen263
) (d:/texlive/2019/texmf-dist/tex/latex/pgf/compatibility/pgfcomp-version-1-18.sty
Package: pgfcomp-version-1-18 2020/01/08 v3.1.5b (3.1.5b)
)) (d:/texlive/2019/texmf-dist/tex/latex/pgf/utilities/pgffor.sty (d:/texlive/2019/texmf-dist/tex/latex/pgf/utilities/pgfkeys.sty (d:/texlive/2019/texmf-dist/tex/generic/pgf/utilities/pgfkeys.code.tex)) (d:/texlive/2019/texmf-dist/tex/latex/pgf/math/pgfmath.sty (d:/texlive/2019/texmf-dist/tex/generic/pgf/math/pgfmath.code.tex)) (d:/texlive/2019/texmf-dist/tex/generic/pgf/utilities/pgffor.code.tex
Package: pgffor 2020/01/08 v3.1.5b (3.1.5b)
 (d:/texlive/2019/texmf-dist/tex/generic/pgf/math/pgfmath.code.tex)
\pgffor@iter=\dimen264
\pgffor@skip=\dimen265
\pgffor@stack=\toks40
\pgffor@toks=\toks41
)) (d:/texlive/2019/texmf-dist/tex/generic/pgf/frontendlayer/tikz/tikz.code.tex
Package: tikz 2020/01/08 v3.1.5b (3.1.5b)
 (d:/texlive/2019/texmf-dist/tex/generic/pgf/libraries/pgflibraryplothandlers.code.tex
File: pgflibraryplothandlers.code.tex 2020/01/08 v3.1.5b (3.1.5b)
\pgf@plot@mark@count=\count281
\pgfplotmarksize=\dimen266
)
\tikz@lastx=\dimen267
\tikz@lasty=\dimen268
\tikz@lastxsaved=\dimen269
\tikz@lastysaved=\dimen270
\tikz@lastmovetox=\dimen271
\tikz@lastmovetoy=\dimen272
\tikzleveldistance=\dimen273
\tikzsiblingdistance=\dimen274
\tikz@figbox=\box58
\tikz@figbox@bg=\box59
\tikz@tempbox=\box60
\tikz@tempbox@bg=\box61
\tikztreelevel=\count282
\tikznumberofchildren=\count283
\tikznumberofcurrentchild=\count284
\tikz@fig@count=\count285
 (d:/texlive/2019/texmf-dist/tex/generic/pgf/modules/pgfmodulematrix.code.tex
File: pgfmodulematrix.code.tex 2020/01/08 v3.1.5b (3.1.5b)
\pgfmatrixcurrentrow=\count286
\pgfmatrixcurrentcolumn=\count287
\pgf@matrix@numberofcolumns=\count288
)
\tikz@expandcount=\count289
 (d:/texlive/2019/texmf-dist/tex/generic/pgf/frontendlayer/tikz/libraries/tikzlibrarytopaths.code.tex
File: tikzlibrarytopaths.code.tex 2020/01/08 v3.1.5b (3.1.5b)
))) (d:/texlive/2019/texmf-dist/tex/generic/pgf/frontendlayer/tikz/libraries/tikzlibraryshapes.code.tex
File: tikzlibraryshapes.code.tex 2020/01/08 v3.1.5b (3.1.5b)
 (d:/texlive/2019/texmf-dist/tex/generic/pgf/frontendlayer/tikz/libraries/tikzlibraryshapes.geometric.code.tex
File: tikzlibraryshapes.geometric.code.tex 2020/01/08 v3.1.5b (3.1.5b)
 (d:/texlive/2019/texmf-dist/tex/generic/pgf/libraries/shapes/pgflibraryshapes.geometric.code.tex
File: pgflibraryshapes.geometric.code.tex 2020/01/08 v3.1.5b (3.1.5b)
)) (d:/texlive/2019/texmf-dist/tex/generic/pgf/frontendlayer/tikz/libraries/tikzlibraryshapes.misc.code.tex
File: tikzlibraryshapes.misc.code.tex 2020/01/08 v3.1.5b (3.1.5b)
 (d:/texlive/2019/texmf-dist/tex/generic/pgf/libraries/shapes/pgflibraryshapes.misc.code.tex
File: pgflibraryshapes.misc.code.tex 2020/01/08 v3.1.5b (3.1.5b)
)) (d:/texlive/2019/texmf-dist/tex/generic/pgf/frontendlayer/tikz/libraries/tikzlibraryshapes.symbols.code.tex
File: tikzlibraryshapes.symbols.code.tex 2020/01/08 v3.1.5b (3.1.5b)
 (d:/texlive/2019/texmf-dist/tex/generic/pgf/libraries/shapes/pgflibraryshapes.symbols.code.tex
File: pgflibraryshapes.symbols.code.tex 2020/01/08 v3.1.5b (3.1.5b)
)) (d:/texlive/2019/texmf-dist/tex/generic/pgf/frontendlayer/tikz/libraries/tikzlibraryshapes.arrows.code.tex
File: tikzlibraryshapes.arrows.code.tex 2020/01/08 v3.1.5b (3.1.5b)
 (d:/texlive/2019/texmf-dist/tex/generic/pgf/libraries/shapes/pgflibraryshapes.arrows.code.tex
File: pgflibraryshapes.arrows.code.tex 2020/01/08 v3.1.5b (3.1.5b)
)) (d:/texlive/2019/texmf-dist/tex/generic/pgf/frontendlayer/tikz/libraries/tikzlibraryshapes.callouts.code.tex (d:/texlive/2019/texmf-dist/tex/generic/pgf/libraries/shapes/pgflibraryshapes.callouts.code.tex)) (d:/texlive/2019/texmf-dist/tex/generic/pgf/frontendlayer/tikz/libraries/tikzlibraryshapes.multipart.code.tex
File: tikzlibraryshapes.multipart.code.tex 2020/01/08 v3.1.5b (3.1.5b)
 (d:/texlive/2019/texmf-dist/tex/generic/pgf/libraries/shapes/pgflibraryshapes.multipart.code.tex
File: pgflibraryshapes.multipart.code.tex 2020/01/08 v3.1.5b (3.1.5b)
\pgfnodepartlowerbox=\box62
\pgfnodeparttwobox=\box63
\pgfnodepartthreebox=\box64
\pgfnodepartfourbox=\box65
\pgfnodeparttwentybox=\box66
\pgfnodepartnineteenbox=\box67
\pgfnodeparteighteenbox=\box68
\pgfnodepartseventeenbox=\box69
\pgfnodepartsixteenbox=\box70
\pgfnodepartfifteenbox=\box71
\pgfnodepartfourteenbox=\box72
\pgfnodepartthirteenbox=\box73
\pgfnodeparttwelvebox=\box74
\pgfnodepartelevenbox=\box75
\pgfnodeparttenbox=\box76
\pgfnodepartninebox=\box77
\pgfnodeparteightbox=\box78
\pgfnodepartsevenbox=\box79
\pgfnodepartsixbox=\box80
\pgfnodepartfivebox=\box81
))) (d:/texlive/2019/texmf-dist/tex/generic/pgf/frontendlayer/tikz/libraries/tikzlibraryfit.code.tex
File: tikzlibraryfit.code.tex 2020/01/08 v3.1.5b (3.1.5b)
) (d:/texlive/2019/texmf-dist/tex/generic/pgf/frontendlayer/tikz/libraries/tikzlibrarycalc.code.tex
File: tikzlibrarycalc.code.tex 2020/01/08 v3.1.5b (3.1.5b)
) (d:/texlive/2019/texmf-dist/tex/generic/pgf/libraries/pgflibraryintersections.code.tex (d:/texlive/2019/texmf-dist/tex/generic/pgf/libraries/pgflibraryfpu.code.tex)
\pgf@intersect@solutions=\count290
) (d:/texlive/2019/texmf-dist/tex/latex/pgfopts/pgfopts.sty
Package: pgfopts 2014/07/10 v2.1a LaTeX package options with pgfkeys
\pgfopts@list@add@a@toks=\toks42
\pgfopts@list@add@b@toks=\toks43
) (d:/texlive/2019/texmf-dist/tex/latex/etoolbox/etoolbox.sty
Package: etoolbox 2019/09/21 v2.5h e-TeX tools for LaTeX (JAW)
\etb@tempcnta=\count291
) (d:/texlive/2019/texmf-dist/tex/latex/elocalloc/elocalloc.sty
Package: elocalloc 2016/12/15 v0.03 local allocation for LaTeX 2015+ (DPC)
) (d:/texlive/2019/texmf-dist/tex/latex/environ/environ.sty
Package: environ 2014/05/04 v0.3 A new way to define environments
 (d:/texlive/2019/texmf-dist/tex/latex/trimspaces/trimspaces.sty
Package: trimspaces 2009/09/17 v1.1 Trim spaces around a token list
)) (d:/texlive/2019/texmf-dist/tex/latex/l3packages/xparse/xparse.sty (d:/texlive/2019/texmf-dist/tex/latex/l3kernel/expl3.sty
Package: expl3 2020-02-11 L3 programming layer (loader) 
 (d:/texlive/2019/texmf-dist/tex/latex/l3backend/l3backend-pdfmode.def
File: l3backend-pdfmode.def 2020-02-03 L3 backend support: PDF mode
\l__kernel_color_stack_int=\count292
\l__pdf_internal_box=\box82
))
Package: xparse 2020-02-08 L3 Experimental document command parser
\l__xparse_current_arg_int=\count293
\g__xparse_grabber_int=\count294
\l__xparse_m_args_int=\count295
\l__xparse_v_nesting_int=\count296
) (d:/texlive/2019/texmf-dist/tex/latex/inlinedef/inlinedef.sty
Package: inlinedef 2008/07/10 v1.0 Inlined expansions within definitions
\ID@toks=\toks44
\ID@count=\count297
)
\ID@usercommands=\toks45
\safeloop@depth=\count298
\safeRKloop@depth=\count299
\forest@temp@dimen=\dimen275
\forest@temp@count=\count300
\forest@n=\count301
\forest@temp@global@count=\count302
\forest@temp@toks=\toks46
\forest@temparray@M=\count303
\forest@temparray@N=\count304
\forest@global@temparray@M=\count305
\forest@global@temparray@N=\count306
\forest@isnum@count=\count307
\forest@isdim@nonintpart=\count308
\forest@isdim@dimen=\dimen276
\forest@sort@m=\count309
\forest@sort@k=\count310
\forest@sort@p=\count311
\bracket@content=\toks47
\bracket@afterthought=\toks48
\forest@node@maxid=\count312
\forest@process@left@M=\count313
\forest@process@left@N=\count314
\forest@process@right@M=\count315
\forest@process@right@N=\count316
\forest@process@saved@M=\count317
\forest@process@saved@N=\count318
\forest@process@result@M=\count319
\forest@process@result@N=\count320
\forest@process@n=\count321
\forest@nodewalk@branch@toks=\toks49
\forest@nodewalk@shortsteps@resolution=\toks50
\forest@do@dynamics=\toks51
\forest@box=\box83
\forest@xg=\dimen277
\forest@yg=\dimen278
\forest@xs=\dimen279
\forest@ys=\dimen280
\forest@pi@toks=\toks52
\forest@segment@toks=\toks53
\forest@PIi@toks=\toks54
\forest@PIii@toks=\toks55
\forest@copy@in=\read3
\forest@copy@out=\write4
\forest@externalize@max@outer@n=\count322
\forest@externalize@inner@n=\count323
) (d:/texlive/2019/texmf-dist/tex/latex/subfig/subfig.sty
Package: subfig 2005/06/28 ver: 1.3 subfig package
 (d:/texlive/2019/texmf-dist/tex/latex/caption/caption3.sty
Package: caption3 2020/01/03 v1.8h caption3 kernel (AR)
Package caption3 Info: TeX engine: e-TeX on input line 61.
\captionmargin=\dimen281
\captionmargin@=\dimen282
\captionwidth=\dimen283
\caption@tempdima=\dimen284
\caption@indent=\dimen285
\caption@parindent=\dimen286
\caption@hangindent=\dimen287
Package caption Info: Unknown document class (or package),
(caption)             standard defaults will be used.
Package caption Info: \@makecaption = \long macro:#1#2->\ifx \@captype \@IEEEtablestring \footnotesize \bgroup \par \centering \@IEEEtabletopskipstrut {\normalfont \footnotesize #1}\\{\normalfont \footnotesize \scshape #2}\par \addvspace {0.5\baselineskip }\egroup \@IEEEtablecaptionsepspace \else \@IEEEfigurecaptionsepspace \setbox \@tempboxa \hbox {\normalfont \footnotesize {#1.}\nobreakspace \nobreakspace #2}\ifdim \wd \@tempboxa >\hsize \setbox \@tempboxa \hbox {\normalfont \footnotesize {#1.}\nobreakspace \nobreakspace }\parbox [t]{\hsize }{\normalfont \footnotesize \noindent \unhbox \@tempboxa #2}\else \ifCLASSOPTIONconference \hbox to\hsize {\normalfont \footnotesize \hfil \box \@tempboxa \hfil }\else \hbox to\hsize {\normalfont \footnotesize \box \@tempboxa \hfil }\fi \fi \fi  on input line 1082.
)
\c@KVtest=\count324
\sf@farskip=\skip59
\sf@captopadj=\dimen288
\sf@capskip=\skip60
\sf@nearskip=\skip61
\c@subfigure=\count325
\c@subfigure@save=\count326
\c@lofdepth=\count327
\c@subtable=\count328
\c@subtable@save=\count329
\c@lotdepth=\count330
\sf@top=\skip62
\sf@bottom=\skip63
) (c:/Users/607/Desktop/Research/DPCFP/conference_paper/conference_101719.aux)
\openout1 = `conference_101719.aux'.

LaTeX Font Info:    Checking defaults for OML/cmm/m/it on input line 20.
LaTeX Font Info:    ... okay on input line 20.
LaTeX Font Info:    Checking defaults for OMS/cmsy/m/n on input line 20.
LaTeX Font Info:    ... okay on input line 20.
LaTeX Font Info:    Checking defaults for OT1/cmr/m/n on input line 20.
LaTeX Font Info:    ... okay on input line 20.
LaTeX Font Info:    Checking defaults for T1/cmr/m/n on input line 20.
LaTeX Font Info:    ... okay on input line 20.
LaTeX Font Info:    Checking defaults for TS1/cmr/m/n on input line 20.
LaTeX Font Info:    ... okay on input line 20.
LaTeX Font Info:    Checking defaults for OMX/cmex/m/n on input line 20.
LaTeX Font Info:    ... okay on input line 20.
LaTeX Font Info:    Checking defaults for U/cmr/m/n on input line 20.
LaTeX Font Info:    ... okay on input line 20.

-- Lines per column: 56 (exact).
(d:/texlive/2019/texmf-dist/tex/context/base/mkii/supp-pdf.mkii
[Loading MPS to PDF converter (version 2006.09.02).]
\scratchcounter=\count331
\scratchdimen=\dimen289
\scratchbox=\box84
\nofMPsegments=\count332
\nofMParguments=\count333
\everyMPshowfont=\toks56
\MPscratchCnt=\count334
\MPscratchDim=\dimen290
\MPnumerator=\count335
\makeMPintoPDFobject=\count336
\everyMPtoPDFconversion=\toks57
) (d:/texlive/2019/texmf-dist/tex/latex/epstopdf-pkg/epstopdf-base.sty
Package: epstopdf-base 2020-01-24 v2.11 Base part for package epstopdf
Package epstopdf-base Info: Redefining graphics rule for `.eps' on input line 485.
 (d:/texlive/2019/texmf-dist/tex/latex/latexconfig/epstopdf-sys.cfg
File: epstopdf-sys.cfg 2010/07/13 v1.3 Configuration of (r)epstopdf for TeX Live
)) ABD: EveryShipout initializing macros
Package caption Info: Begin \AtBeginDocument code.
Package caption Info: subfig package v1.3 is loaded.
Package caption Info: End \AtBeginDocument code.
\c@definition=\count337
\c@example=\count338
\c@theorem=\count339
\c@lemma=\count340
LaTeX Font Info:    Calculating math sizes for size <11> on input line 53.
LaTeX Font Info:    Trying to load font information for U+msa on input line 53.
 (d:/texlive/2019/texmf-dist/tex/latex/amsfonts/umsa.fd
File: umsa.fd 2013/01/14 v3.01 AMS symbols A
)
LaTeX Font Info:    Trying to load font information for U+msb on input line 53.
 (d:/texlive/2019/texmf-dist/tex/latex/amsfonts/umsb.fd
File: umsb.fd 2013/01/14 v3.01 AMS symbols B
) [1{d:/texlive/2019/texmf-var/fonts/map/pdftex/updmap/pdftex.map}


] [2] [3]
Underfull \hbox (badness 10000) in paragraph at lines 315--317
\OT1/ptm/m/it/10 The min-i-mum item sup-port of a k-itemset $\OML/cmm/m/it/10 X \OT1/cmr/m/n/10 =
 []


Underfull \hbox (badness 10000) in paragraph at lines 315--317

 []

LaTeX Font Info:    Trying to load font information for OMS+ptm on input line 325.
(d:/texlive/2019/texmf-dist/tex/latex/psnfss/omsptm.fd
File: omsptm.fd 
)
LaTeX Font Info:    Font shape `OMS/ptm/m/n' in size <10> not available
(Font)              Font shape `OMS/cmsy/m/n' tried instead on input line 325.
 [4] [5]
Underfull \vbox (badness 2970) has occurred while \output is active []

 [6]
Underfull \hbox (badness 10000) in paragraph at lines 924--925
[]\OT1/ptm/m/n/10 BMSWebView1(BMS1) and BM-SWe-b-View2(BMS2)
 []

[7] [8]
Package epstopdf Info: Source file: <F-score_BMS1.eps>
(epstopdf)                    date: 2020-06-09 09:54:08
(epstopdf)                    size: 38573 bytes
(epstopdf)             Output file: <F-score_BMS1-eps-converted-to.pdf>
(epstopdf)                    date: 2020-06-22 02:03:25
(epstopdf)                    size: 20320 bytes
(epstopdf)             Command: <repstopdf --outfile=F-score_BMS1-eps-converted-to.pdf F-score_BMS1.eps>
(epstopdf)             \includegraphics on input line 1105.
Package epstopdf Info: Output file is already uptodate.
<F-score_BMS1-eps-converted-to.pdf, id=47, 578.16pt x 578.16pt>
File: F-score_BMS1-eps-converted-to.pdf Graphic file (type pdf)
<use F-score_BMS1-eps-converted-to.pdf>
Package pdftex.def Info: F-score_BMS1-eps-converted-to.pdf  used on input line 1105.
(pdftex.def)             Requested size: 128.0374pt x 128.03368pt.
Package epstopdf Info: Source file: <F-score_BMS2.eps>
(epstopdf)                    date: 2020-06-09 09:54:08
(epstopdf)                    size: 38571 bytes
(epstopdf)             Output file: <F-score_BMS2-eps-converted-to.pdf>
(epstopdf)                    date: 2020-06-22 02:03:27
(epstopdf)                    size: 20318 bytes
(epstopdf)             Command: <repstopdf --outfile=F-score_BMS2-eps-converted-to.pdf F-score_BMS2.eps>
(epstopdf)             \includegraphics on input line 1109.
Package epstopdf Info: Output file is already uptodate.
<F-score_BMS2-eps-converted-to.pdf, id=48, 578.16pt x 578.16pt>
File: F-score_BMS2-eps-converted-to.pdf Graphic file (type pdf)
<use F-score_BMS2-eps-converted-to.pdf>
Package pdftex.def Info: F-score_BMS2-eps-converted-to.pdf  used on input line 1109.
(pdftex.def)             Requested size: 128.0374pt x 128.03368pt.
Package epstopdf Info: Source file: <F-score_BMS-POS.eps>
(epstopdf)                    date: 2020-06-09 09:54:10
(epstopdf)                    size: 39233 bytes
(epstopdf)             Output file: <F-score_BMS-POS-eps-converted-to.pdf>
(epstopdf)                    date: 2020-06-22 02:03:29
(epstopdf)                    size: 20744 bytes
(epstopdf)             Command: <repstopdf --outfile=F-score_BMS-POS-eps-converted-to.pdf F-score_BMS-POS.eps>
(epstopdf)             \includegraphics on input line 1113.
Package epstopdf Info: Output file is already uptodate.
<F-score_BMS-POS-eps-converted-to.pdf, id=49, 578.16pt x 578.16pt>
File: F-score_BMS-POS-eps-converted-to.pdf Graphic file (type pdf)
<use F-score_BMS-POS-eps-converted-to.pdf>
Package pdftex.def Info: F-score_BMS-POS-eps-converted-to.pdf  used on input line 1113.
(pdftex.def)             Requested size: 128.0374pt x 128.03368pt.
Package epstopdf Info: Source file: <F-score_kosarak.eps>
(epstopdf)                    date: 2020-06-09 09:54:09
(epstopdf)                    size: 37817 bytes
(epstopdf)             Output file: <F-score_kosarak-eps-converted-to.pdf>
(epstopdf)                    date: 2020-06-22 02:03:31
(epstopdf)                    size: 19807 bytes
(epstopdf)             Command: <repstopdf --outfile=F-score_kosarak-eps-converted-to.pdf F-score_kosarak.eps>
(epstopdf)             \includegraphics on input line 1117.
Package epstopdf Info: Output file is already uptodate.
<F-score_kosarak-eps-converted-to.pdf, id=50, 578.16pt x 578.16pt>
File: F-score_kosarak-eps-converted-to.pdf Graphic file (type pdf)
<use F-score_kosarak-eps-converted-to.pdf>
Package pdftex.def Info: F-score_kosarak-eps-converted-to.pdf  used on input line 1117.
(pdftex.def)             Requested size: 128.0374pt x 128.03368pt.
Package epstopdf Info: Source file: <F-score_retail.eps>
(epstopdf)                    date: 2020-06-09 09:54:09
(epstopdf)                    size: 37326 bytes
(epstopdf)             Output file: <F-score_retail-eps-converted-to.pdf>
(epstopdf)                    date: 2020-06-22 02:03:33
(epstopdf)                    size: 19616 bytes
(epstopdf)             Command: <repstopdf --outfile=F-score_retail-eps-converted-to.pdf F-score_retail.eps>
(epstopdf)             \includegraphics on input line 1121.
Package epstopdf Info: Output file is already uptodate.
<F-score_retail-eps-converted-to.pdf, id=51, 578.16pt x 578.16pt>
File: F-score_retail-eps-converted-to.pdf Graphic file (type pdf)
<use F-score_retail-eps-converted-to.pdf>
Package pdftex.def Info: F-score_retail-eps-converted-to.pdf  used on input line 1121.
(pdftex.def)             Requested size: 128.0374pt x 128.03368pt.
Package epstopdf Info: Source file: <F-score_T10I4D100K.eps>
(epstopdf)                    date: 2020-06-09 09:54:10
(epstopdf)                    size: 39105 bytes
(epstopdf)             Output file: <F-score_T10I4D100K-eps-converted-to.pdf>
(epstopdf)                    date: 2020-06-22 02:03:35
(epstopdf)                    size: 20609 bytes
(epstopdf)             Command: <repstopdf --outfile=F-score_T10I4D100K-eps-converted-to.pdf F-score_T10I4D100K.eps>
(epstopdf)             \includegraphics on input line 1125.
Package epstopdf Info: Output file is already uptodate.
<F-score_T10I4D100K-eps-converted-to.pdf, id=52, 578.16pt x 578.16pt>
File: F-score_T10I4D100K-eps-converted-to.pdf Graphic file (type pdf)
<use F-score_T10I4D100K-eps-converted-to.pdf>
Package pdftex.def Info: F-score_T10I4D100K-eps-converted-to.pdf  used on input line 1125.
(pdftex.def)             Requested size: 128.0374pt x 128.03368pt.
Package epstopdf Info: Source file: <Precision_BMS1.eps>
(epstopdf)                    date: 2020-06-09 09:54:08
(epstopdf)                    size: 39347 bytes
(epstopdf)             Output file: <Precision_BMS1-eps-converted-to.pdf>
(epstopdf)                    date: 2020-06-22 02:03:37
(epstopdf)                    size: 20598 bytes
(epstopdf)             Command: <repstopdf --outfile=Precision_BMS1-eps-converted-to.pdf Precision_BMS1.eps>
(epstopdf)             \includegraphics on input line 1134.
Package epstopdf Info: Output file is already uptodate.
<Precision_BMS1-eps-converted-to.pdf, id=53, 578.16pt x 578.16pt>
File: Precision_BMS1-eps-converted-to.pdf Graphic file (type pdf)
<use Precision_BMS1-eps-converted-to.pdf>
Package pdftex.def Info: Precision_BMS1-eps-converted-to.pdf  used on input line 1134.
(pdftex.def)             Requested size: 128.0374pt x 128.03368pt.
Package epstopdf Info: Source file: <Precision_BMS2.eps>
(epstopdf)                    date: 2020-06-09 09:54:08
(epstopdf)                    size: 39360 bytes
(epstopdf)             Output file: <Precision_BMS2-eps-converted-to.pdf>
(epstopdf)                    date: 2020-06-22 02:03:39
(epstopdf)                    size: 20625 bytes
(epstopdf)             Command: <repstopdf --outfile=Precision_BMS2-eps-converted-to.pdf Precision_BMS2.eps>
(epstopdf)             \includegraphics on input line 1139.
Package epstopdf Info: Output file is already uptodate.
<Precision_BMS2-eps-converted-to.pdf, id=54, 578.16pt x 578.16pt>
File: Precision_BMS2-eps-converted-to.pdf Graphic file (type pdf)
<use Precision_BMS2-eps-converted-to.pdf>
Package pdftex.def Info: Precision_BMS2-eps-converted-to.pdf  used on input line 1139.
(pdftex.def)             Requested size: 128.0374pt x 128.03368pt.
Package epstopdf Info: Source file: <Precision_BMS-POS.eps>
(epstopdf)                    date: 2020-06-09 09:54:10
(epstopdf)                    size: 40147 bytes
(epstopdf)             Output file: <Precision_BMS-POS-eps-converted-to.pdf>
(epstopdf)                    date: 2020-06-22 02:03:41
(epstopdf)                    size: 21256 bytes
(epstopdf)             Command: <repstopdf --outfile=Precision_BMS-POS-eps-converted-to.pdf Precision_BMS-POS.eps>
(epstopdf)             \includegraphics on input line 1144.
Package epstopdf Info: Output file is already uptodate.
<Precision_BMS-POS-eps-converted-to.pdf, id=55, 578.16pt x 578.16pt>
File: Precision_BMS-POS-eps-converted-to.pdf Graphic file (type pdf)
<use Precision_BMS-POS-eps-converted-to.pdf>
Package pdftex.def Info: Precision_BMS-POS-eps-converted-to.pdf  used on input line 1144.
(pdftex.def)             Requested size: 128.0374pt x 128.03368pt.
Package epstopdf Info: Source file: <Precision_kosarak.eps>
(epstopdf)                    date: 2020-06-09 09:54:09
(epstopdf)                    size: 38614 bytes
(epstopdf)             Output file: <Precision_kosarak-eps-converted-to.pdf>
(epstopdf)                    date: 2020-06-22 02:03:43
(epstopdf)                    size: 20098 bytes
(epstopdf)             Command: <repstopdf --outfile=Precision_kosarak-eps-converted-to.pdf Precision_kosarak.eps>
(epstopdf)             \includegraphics on input line 1149.
Package epstopdf Info: Output file is already uptodate.
<Precision_kosarak-eps-converted-to.pdf, id=56, 578.16pt x 578.16pt>
File: Precision_kosarak-eps-converted-to.pdf Graphic file (type pdf)
<use Precision_kosarak-eps-converted-to.pdf>
Package pdftex.def Info: Precision_kosarak-eps-converted-to.pdf  used on input line 1149.
(pdftex.def)             Requested size: 128.0374pt x 128.03368pt.
Package epstopdf Info: Source file: <Precision_retail.eps>
(epstopdf)                    date: 2020-06-09 09:54:09
(epstopdf)                    size: 38121 bytes
(epstopdf)             Output file: <Precision_retail-eps-converted-to.pdf>
(epstopdf)                    date: 2020-06-22 02:03:45
(epstopdf)                    size: 19907 bytes
(epstopdf)             Command: <repstopdf --outfile=Precision_retail-eps-converted-to.pdf Precision_retail.eps>
(epstopdf)             \includegraphics on input line 1154.
Package epstopdf Info: Output file is already uptodate.
<Precision_retail-eps-converted-to.pdf, id=57, 578.16pt x 578.16pt>
File: Precision_retail-eps-converted-to.pdf Graphic file (type pdf)
<use Precision_retail-eps-converted-to.pdf>
Package pdftex.def Info: Precision_retail-eps-converted-to.pdf  used on input line 1154.
(pdftex.def)             Requested size: 128.0374pt x 128.03368pt.
Package epstopdf Info: Source file: <Precision_T10I4D100K.eps>
(epstopdf)                    date: 2020-06-09 09:54:10
(epstopdf)                    size: 39901 bytes
(epstopdf)             Output file: <Precision_T10I4D100K-eps-converted-to.pdf>
(epstopdf)                    date: 2020-06-22 02:03:47
(epstopdf)                    size: 20914 bytes
(epstopdf)             Command: <repstopdf --outfile=Precision_T10I4D100K-eps-converted-to.pdf Precision_T10I4D100K.eps>
(epstopdf)             \includegraphics on input line 1159.
Package epstopdf Info: Output file is already uptodate.
<Precision_T10I4D100K-eps-converted-to.pdf, id=58, 578.16pt x 578.16pt>
File: Precision_T10I4D100K-eps-converted-to.pdf Graphic file (type pdf)
<use Precision_T10I4D100K-eps-converted-to.pdf>
Package pdftex.def Info: Precision_T10I4D100K-eps-converted-to.pdf  used on input line 1159.
(pdftex.def)             Requested size: 128.0374pt x 128.03368pt.
Package epstopdf Info: Source file: <Recall_BMS1.eps>
(epstopdf)                    date: 2020-06-09 09:54:08
(epstopdf)                    size: 39048 bytes
(epstopdf)             Output file: <Recall_BMS1-eps-converted-to.pdf>
(epstopdf)                    date: 2020-06-22 02:03:49
(epstopdf)                    size: 20518 bytes
(epstopdf)             Command: <repstopdf --outfile=Recall_BMS1-eps-converted-to.pdf Recall_BMS1.eps>
(epstopdf)             \includegraphics on input line 1168.
Package epstopdf Info: Output file is already uptodate.
<Recall_BMS1-eps-converted-to.pdf, id=59, 578.16pt x 578.16pt>
File: Recall_BMS1-eps-converted-to.pdf Graphic file (type pdf)
<use Recall_BMS1-eps-converted-to.pdf>
Package pdftex.def Info: Recall_BMS1-eps-converted-to.pdf  used on input line 1168.
(pdftex.def)             Requested size: 128.0374pt x 128.03368pt.
Package epstopdf Info: Source file: <Recall_BMS2.eps>
(epstopdf)                    date: 2020-06-09 09:54:09
(epstopdf)                    size: 39087 bytes
(epstopdf)             Output file: <Recall_BMS2-eps-converted-to.pdf>
(epstopdf)                    date: 2020-06-22 02:03:51
(epstopdf)                    size: 20538 bytes
(epstopdf)             Command: <repstopdf --outfile=Recall_BMS2-eps-converted-to.pdf Recall_BMS2.eps>
(epstopdf)             \includegraphics on input line 1172.
Package epstopdf Info: Output file is already uptodate.
<Recall_BMS2-eps-converted-to.pdf, id=60, 578.16pt x 578.16pt>
File: Recall_BMS2-eps-converted-to.pdf Graphic file (type pdf)
<use Recall_BMS2-eps-converted-to.pdf>
Package pdftex.def Info: Recall_BMS2-eps-converted-to.pdf  used on input line 1172.
(pdftex.def)             Requested size: 128.0374pt x 128.03368pt.
Package epstopdf Info: Source file: <Recall_BMS-POS.eps>
(epstopdf)                    date: 2020-06-09 09:54:10
(epstopdf)                    size: 39869 bytes
(epstopdf)             Output file: <Recall_BMS-POS-eps-converted-to.pdf>
(epstopdf)                    date: 2020-06-22 02:03:53
(epstopdf)                    size: 21167 bytes
(epstopdf)             Command: <repstopdf --outfile=Recall_BMS-POS-eps-converted-to.pdf Recall_BMS-POS.eps>
(epstopdf)             \includegraphics on input line 1176.
Package epstopdf Info: Output file is already uptodate.
<Recall_BMS-POS-eps-converted-to.pdf, id=61, 578.16pt x 578.16pt>
File: Recall_BMS-POS-eps-converted-to.pdf Graphic file (type pdf)
<use Recall_BMS-POS-eps-converted-to.pdf>
Package pdftex.def Info: Recall_BMS-POS-eps-converted-to.pdf  used on input line 1176.
(pdftex.def)             Requested size: 128.0374pt x 128.03368pt.
Package epstopdf Info: Source file: <Recall_kosarak.eps>
(epstopdf)                    date: 2020-06-09 09:54:10
(epstopdf)                    size: 38936 bytes
(epstopdf)             Output file: <Recall_kosarak-eps-converted-to.pdf>
(epstopdf)                    date: 2020-06-22 02:03:55
(epstopdf)                    size: 20442 bytes
(epstopdf)             Command: <repstopdf --outfile=Recall_kosarak-eps-converted-to.pdf Recall_kosarak.eps>
(epstopdf)             \includegraphics on input line 1180.
Package epstopdf Info: Output file is already uptodate.
<Recall_kosarak-eps-converted-to.pdf, id=62, 578.16pt x 578.16pt>
File: Recall_kosarak-eps-converted-to.pdf Graphic file (type pdf)
<use Recall_kosarak-eps-converted-to.pdf>
Package pdftex.def Info: Recall_kosarak-eps-converted-to.pdf  used on input line 1180.
(pdftex.def)             Requested size: 128.0374pt x 128.03368pt.
Package epstopdf Info: Source file: <Recall_retail.eps>
(epstopdf)                    date: 2020-06-09 09:54:09
(epstopdf)                    size: 37436 bytes
(epstopdf)             Output file: <Recall_retail-eps-converted-to.pdf>
(epstopdf)                    date: 2020-06-22 02:03:57
(epstopdf)                    size: 19495 bytes
(epstopdf)             Command: <repstopdf --outfile=Recall_retail-eps-converted-to.pdf Recall_retail.eps>
(epstopdf)             \includegraphics on input line 1184.
Package epstopdf Info: Output file is already uptodate.
<Recall_retail-eps-converted-to.pdf, id=63, 578.16pt x 578.16pt>
File: Recall_retail-eps-converted-to.pdf Graphic file (type pdf)
<use Recall_retail-eps-converted-to.pdf>
Package pdftex.def Info: Recall_retail-eps-converted-to.pdf  used on input line 1184.
(pdftex.def)             Requested size: 128.0374pt x 128.03368pt.
Package epstopdf Info: Source file: <Recall_T10I4D100K.eps>
(epstopdf)                    date: 2020-06-09 09:54:11
(epstopdf)                    size: 39599 bytes
(epstopdf)             Output file: <Recall_T10I4D100K-eps-converted-to.pdf>
(epstopdf)                    date: 2020-06-22 02:03:59
(epstopdf)                    size: 20826 bytes
(epstopdf)             Command: <repstopdf --outfile=Recall_T10I4D100K-eps-converted-to.pdf Recall_T10I4D100K.eps>
(epstopdf)             \includegraphics on input line 1188.
Package epstopdf Info: Output file is already uptodate.
<Recall_T10I4D100K-eps-converted-to.pdf, id=64, 578.16pt x 578.16pt>
File: Recall_T10I4D100K-eps-converted-to.pdf Graphic file (type pdf)
<use Recall_T10I4D100K-eps-converted-to.pdf>
Package pdftex.def Info: Recall_T10I4D100K-eps-converted-to.pdf  used on input line 1188.
(pdftex.def)             Requested size: 128.0374pt x 128.03368pt.
Package epstopdf Info: Source file: <Runtime_BMS1.eps>
(epstopdf)                    date: 2020-05-30 18:06:43
(epstopdf)                    size: 40014 bytes
(epstopdf)             Output file: <Runtime_BMS1-eps-converted-to.pdf>
(epstopdf)                    date: 2020-05-30 20:48:03
(epstopdf)                    size: 21541 bytes
(epstopdf)             Command: <repstopdf --outfile=Runtime_BMS1-eps-converted-to.pdf Runtime_BMS1.eps>
(epstopdf)             \includegraphics on input line 1197.
Package epstopdf Info: Output file is already uptodate.
<Runtime_BMS1-eps-converted-to.pdf, id=65, 578.16pt x 578.16pt>
File: Runtime_BMS1-eps-converted-to.pdf Graphic file (type pdf)
<use Runtime_BMS1-eps-converted-to.pdf>
Package pdftex.def Info: Runtime_BMS1-eps-converted-to.pdf  used on input line 1197.
(pdftex.def)             Requested size: 128.0374pt x 128.03368pt.
Package epstopdf Info: Source file: <Runtime_BMS2.eps>
(epstopdf)                    date: 2020-05-30 18:06:43
(epstopdf)                    size: 40014 bytes
(epstopdf)             Output file: <Runtime_BMS2-eps-converted-to.pdf>
(epstopdf)                    date: 2020-05-30 20:48:05
(epstopdf)                    size: 21539 bytes
(epstopdf)             Command: <repstopdf --outfile=Runtime_BMS2-eps-converted-to.pdf Runtime_BMS2.eps>
(epstopdf)             \includegraphics on input line 1201.
Package epstopdf Info: Output file is already uptodate.
<Runtime_BMS2-eps-converted-to.pdf, id=66, 578.16pt x 578.16pt>
File: Runtime_BMS2-eps-converted-to.pdf Graphic file (type pdf)
<use Runtime_BMS2-eps-converted-to.pdf>
Package pdftex.def Info: Runtime_BMS2-eps-converted-to.pdf  used on input line 1201.
(pdftex.def)             Requested size: 128.0374pt x 128.03368pt.
Package epstopdf Info: Source file: <Runtime_BMS-POS.eps>
(epstopdf)                    date: 2020-05-30 18:06:43
(epstopdf)                    size: 43989 bytes
(epstopdf)             Output file: <Runtime_BMS-POS-eps-converted-to.pdf>
(epstopdf)                    date: 2020-05-30 20:48:07
(epstopdf)                    size: 22270 bytes
(epstopdf)             Command: <repstopdf --outfile=Runtime_BMS-POS-eps-converted-to.pdf Runtime_BMS-POS.eps>
(epstopdf)             \includegraphics on input line 1205.
Package epstopdf Info: Output file is already uptodate.
<Runtime_BMS-POS-eps-converted-to.pdf, id=67, 578.16pt x 578.16pt>
File: Runtime_BMS-POS-eps-converted-to.pdf Graphic file (type pdf)
<use Runtime_BMS-POS-eps-converted-to.pdf>
Package pdftex.def Info: Runtime_BMS-POS-eps-converted-to.pdf  used on input line 1205.
(pdftex.def)             Requested size: 128.0374pt x 128.03368pt.
Package epstopdf Info: Source file: <Runtime_kosarak.eps>
(epstopdf)                    date: 2020-05-30 18:06:43
(epstopdf)                    size: 41191 bytes
(epstopdf)             Output file: <Runtime_kosarak-eps-converted-to.pdf>
(epstopdf)                    date: 2020-05-30 20:48:09
(epstopdf)                    size: 21506 bytes
(epstopdf)             Command: <repstopdf --outfile=Runtime_kosarak-eps-converted-to.pdf Runtime_kosarak.eps>
(epstopdf)             \includegraphics on input line 1209.
Package epstopdf Info: Output file is already uptodate.
<Runtime_kosarak-eps-converted-to.pdf, id=68, 578.16pt x 578.16pt>
File: Runtime_kosarak-eps-converted-to.pdf Graphic file (type pdf)
<use Runtime_kosarak-eps-converted-to.pdf>
Package pdftex.def Info: Runtime_kosarak-eps-converted-to.pdf  used on input line 1209.
(pdftex.def)             Requested size: 128.0374pt x 128.03368pt.
Package epstopdf Info: Source file: <Runtime_retail.eps>
(epstopdf)                    date: 2020-05-30 18:06:43
(epstopdf)                    size: 39548 bytes
(epstopdf)             Output file: <Runtime_retail-eps-converted-to.pdf>
(epstopdf)                    date: 2020-05-30 20:48:12
(epstopdf)                    size: 20028 bytes
(epstopdf)             Command: <repstopdf --outfile=Runtime_retail-eps-converted-to.pdf Runtime_retail.eps>
(epstopdf)             \includegraphics on input line 1213.
Package epstopdf Info: Output file is already uptodate.
<Runtime_retail-eps-converted-to.pdf, id=69, 578.16pt x 578.16pt>
File: Runtime_retail-eps-converted-to.pdf Graphic file (type pdf)
<use Runtime_retail-eps-converted-to.pdf>
Package pdftex.def Info: Runtime_retail-eps-converted-to.pdf  used on input line 1213.
(pdftex.def)             Requested size: 128.0374pt x 128.03368pt.
Package epstopdf Info: Source file: <Runtime_T10I4D100K.eps>
(epstopdf)                    date: 2020-05-30 18:06:44
(epstopdf)                    size: 39728 bytes
(epstopdf)             Output file: <Runtime_T10I4D100K-eps-converted-to.pdf>
(epstopdf)                    date: 2020-05-30 20:48:14
(epstopdf)                    size: 20858 bytes
(epstopdf)             Command: <repstopdf --outfile=Runtime_T10I4D100K-eps-converted-to.pdf Runtime_T10I4D100K.eps>
(epstopdf)             \includegraphics on input line 1217.
Package epstopdf Info: Output file is already uptodate.
<Runtime_T10I4D100K-eps-converted-to.pdf, id=70, 578.16pt x 578.16pt>
File: Runtime_T10I4D100K-eps-converted-to.pdf Graphic file (type pdf)
<use Runtime_T10I4D100K-eps-converted-to.pdf>
Package pdftex.def Info: Runtime_T10I4D100K-eps-converted-to.pdf  used on input line 1217.
(pdftex.def)             Requested size: 128.0374pt x 128.03368pt.

Underfull \hbox (badness 10000) in paragraph at lines 1320--1321
[]\OT1/ptm/m/n/8 Frequent Item-set Min-ing Im-ple-men-ta-tions Repos-i-tory.
 []


** Conference Paper **
Before submitting the final camera ready copy, remember to:

 1. Manually equalize the lengths of two columns on the last page
 of your paper;

 2. Ensure that any PostScript and/or PDF output post-processing
 uses only Type 1 fonts and that every step in the generation
 process uses the appropriate paper size.

[9] [10 <c:/Users/607/Desktop/Research/DPCFP/conference_paper/F-score_BMS1-eps-converted-to.pdf> <c:/Users/607/Desktop/Research/DPCFP/conference_paper/F-score_BMS2-eps-converted-to.pdf> <c:/Users/607/Desktop/Research/DPCFP/conference_paper/F-score_BMS-POS-eps-converted-to.pdf> <c:/Users/607/Desktop/Research/DPCFP/conference_paper/F-score_kosarak-eps-converted-to.pdf> <c:/Users/607/Desktop/Research/DPCFP/conference_paper/F-score_retail-eps-converted-to.pdf> <c:/Users/607/Desktop/Research/DPCFP/conference_paper/F-score_T10I4D100K-eps-converted-to.pdf> <c:/Users/607/Desktop/Research/DPCFP/conference_paper/Precision_BMS1-eps-converted-to.pdf> <c:/Users/607/Desktop/Research/DPCFP/conference_paper/Precision_BMS2-eps-converted-to.pdf> <c:/Users/607/Desktop/Research/DPCFP/conference_paper/Precision_BMS-POS-eps-converted-to.pdf> <c:/Users/607/Desktop/Research/DPCFP/conference_paper/Precision_kosarak-eps-converted-to.pdf> <c:/Users/607/Desktop/Research/DPCFP/conference_paper/Precision_retail-eps-converted-to.pdf> <c:/Users/607/Desktop/Research/DPCFP/conference_paper/Precision_T10I4D100K-eps-converted-to.pdf>] [11 <c:/Users/607/Desktop/Research/DPCFP/conference_paper/Recall_BMS1-eps-converted-to.pdf> <c:/Users/607/Desktop/Research/DPCFP/conference_paper/Recall_BMS2-eps-converted-to.pdf> <c:/Users/607/Desktop/Research/DPCFP/conference_paper/Recall_BMS-POS-eps-converted-to.pdf> <c:/Users/607/Desktop/Research/DPCFP/conference_paper/Recall_kosarak-eps-converted-to.pdf> <c:/Users/607/Desktop/Research/DPCFP/conference_paper/Recall_retail-eps-converted-to.pdf> <c:/Users/607/Desktop/Research/DPCFP/conference_paper/Recall_T10I4D100K-eps-converted-to.pdf> <c:/Users/607/Desktop/Research/DPCFP/conference_paper/Runtime_BMS1-eps-converted-to.pdf> <c:/Users/607/Desktop/Research/DPCFP/conference_paper/Runtime_BMS2-eps-converted-to.pdf> <c:/Users/607/Desktop/Research/DPCFP/conference_paper/Runtime_BMS-POS-eps-converted-to.pdf> <c:/Users/607/Desktop/Research/DPCFP/conference_paper/Runtime_kosarak-eps-converted-to.pdf> <c:/Users/607/Desktop/Research/DPCFP/conference_paper/Runtime_retail-eps-converted-to.pdf> <c:/Users/607/Desktop/Research/DPCFP/conference_paper/Runtime_T10I4D100K-eps-converted-to.pdf>] (c:/Users/607/Desktop/Research/DPCFP/conference_paper/conference_101719.aux) ) 
Here is how much of TeX's memory you used:
 29289 strings out of 481242
 658424 string characters out of 5921895
 909140 words of memory out of 5000000
 44173 multiletter control sequences out of 15000+600000
 574862 words of font info for 110 fonts, out of 8000000 for 9000
 1141 hyphenation exceptions out of 8191
 142i,14n,164p,1667b,2691s stack positions out of 5000i,500n,10000p,200000b,80000s
{d:/texlive/2019/texmf-dist/fonts/enc/dvips/base/8r.enc}<d:/texlive/2019/texmf-dist/fonts/type1/public/amsfonts/cm/cmex10.pfb><d:/texlive/2019/texmf-dist/fonts/type1/public/amsfonts/cm/cmmi10.pfb><d:/texlive/2019/texmf-dist/fonts/type1/public/amsfonts/cm/cmmi5.pfb><d:/texlive/2019/texmf-dist/fonts/type1/public/amsfonts/cm/cmmi7.pfb><d:/texlive/2019/texmf-dist/fonts/type1/public/amsfonts/cm/cmmi8.pfb><d:/texlive/2019/texmf-dist/fonts/type1/public/amsfonts/cm/cmr10.pfb><d:/texlive/2019/texmf-dist/fonts/type1/public/amsfonts/cm/cmr5.pfb><d:/texlive/2019/texmf-dist/fonts/type1/public/amsfonts/cm/cmr7.pfb><d:/texlive/2019/texmf-dist/fonts/type1/public/amsfonts/cm/cmsy10.pfb><d:/texlive/2019/texmf-dist/fonts/type1/public/amsfonts/cm/cmsy5.pfb><d:/texlive/2019/texmf-dist/fonts/type1/public/amsfonts/cm/cmsy7.pfb><d:/texlive/2019/texmf-dist/fonts/type1/public/amsfonts/cm/cmsy8.pfb><d:/texlive/2019/texmf-dist/fonts/type1/urw/times/utmb8a.pfb><d:/texlive/2019/texmf-dist/fonts/type1/urw/times/utmbi8a.pfb><d:/texlive/2019/texmf-dist/fonts/type1/urw/times/utmr8a.pfb><d:/texlive/2019/texmf-dist/fonts/type1/urw/times/utmri8a.pfb>
Output written on c:/Users/607/Desktop/Research/DPCFP/conference_paper/conference_101719.pdf (11 pages, 613066 bytes).
PDF statistics:
 1082 PDF objects out of 1200 (max. 8388607)
 174 compressed objects within 2 object streams
 0 named destinations out of 1000 (max. 500000)
 133 words of extra memory for PDF output out of 10000 (max. 10000000)

